mode: set
individual-training-backend-roadmap/week1/solution/excercise1/payment.go:30.21,41.2 1 1
individual-training-backend-roadmap/week1/solution/excercise1/payment.go:43.121,44.63 1 1
individual-training-backend-roadmap/week1/solution/excercise1/payment.go:44.63,46.3 1 1
individual-training-backend-roadmap/week1/solution/excercise1/payment.go:48.2,48.50 1 1
individual-training-backend-roadmap/week1/solution/excercise1/payment.go:48.50,49.72 1 1
individual-training-backend-roadmap/week1/solution/excercise1/payment.go:49.72,51.4 1 1
individual-training-backend-roadmap/week1/solution/excercise1/payment.go:54.2,55.16 2 1
individual-training-backend-roadmap/week1/solution/excercise1/payment.go:55.16,57.3 1 1
individual-training-backend-roadmap/week1/solution/excercise1/payment.go:59.2,60.16 2 1
individual-training-backend-roadmap/week1/solution/excercise1/payment.go:60.16,62.3 1 1
individual-training-backend-roadmap/week1/solution/excercise1/payment.go:64.2,65.16 2 1
individual-training-backend-roadmap/week1/solution/excercise1/payment.go:65.16,67.3 1 0
individual-training-backend-roadmap/week1/solution/excercise1/payment.go:69.2,70.16 2 1
individual-training-backend-roadmap/week1/solution/excercise1/payment.go:70.16,72.3 1 1
individual-training-backend-roadmap/week1/solution/excercise1/payment.go:74.2,74.106 1 1
individual-training-backend-roadmap/week1/solution/excercise1/payment.go:74.106,76.3 1 0
individual-training-backend-roadmap/week1/solution/excercise1/payment.go:78.2,80.19 2 1
individual-training-backend-roadmap/week1/solution/excercise1/payment.go:83.104,85.16 2 1
individual-training-backend-roadmap/week1/solution/excercise1/payment.go:85.16,87.3 1 1
individual-training-backend-roadmap/week1/solution/excercise1/payment.go:89.2,90.16 2 1
individual-training-backend-roadmap/week1/solution/excercise1/payment.go:90.16,92.3 1 0
individual-training-backend-roadmap/week1/solution/excercise1/payment.go:93.2,93.12 1 1
individual-training-backend-roadmap/week1/solution/excercise1/payment.go:93.12,95.3 1 1
individual-training-backend-roadmap/week1/solution/excercise1/payment.go:97.2,97.18 1 1
individual-training-backend-roadmap/week1/solution/excercise1/payment.go:100.108,102.16 2 1
individual-training-backend-roadmap/week1/solution/excercise1/payment.go:102.16,104.3 1 1
individual-training-backend-roadmap/week1/solution/excercise1/payment.go:106.2,106.47 1 1
individual-training-backend-roadmap/week1/solution/excercise1/payment.go:106.47,108.3 1 1
individual-training-backend-roadmap/week1/solution/excercise1/payment.go:110.2,110.19 1 1
individual-training-backend-roadmap/week1/solution/excercise1/payment.go:113.120,115.16 2 1
individual-training-backend-roadmap/week1/solution/excercise1/payment.go:115.16,117.3 1 0
individual-training-backend-roadmap/week1/solution/excercise1/payment.go:119.2,123.25 4 1
individual-training-backend-roadmap/week1/solution/excercise1/payment.go:126.156,127.16 1 1
individual-training-backend-roadmap/week1/solution/excercise1/payment.go:127.16,129.3 1 1
individual-training-backend-roadmap/week1/solution/excercise1/payment.go:131.2,131.59 1 1
individual-training-backend-roadmap/week1/solution/excercise1/payment.go:131.59,133.3 1 0
individual-training-backend-roadmap/week1/solution/excercise1/payment.go:135.2,136.16 2 1
individual-training-backend-roadmap/week1/solution/excercise1/payment.go:136.16,138.3 1 0
individual-training-backend-roadmap/week1/solution/excercise1/payment.go:140.2,140.61 1 1
individual-training-backend-roadmap/week1/solution/excercise1/payment.go:140.61,142.3 1 0
individual-training-backend-roadmap/week1/solution/excercise1/payment.go:144.2,144.22 1 1
individual-training-backend-roadmap/week1/solution/excercise1/payment.go:147.143,149.16 2 1
individual-training-backend-roadmap/week1/solution/excercise1/payment.go:149.16,151.3 1 1
individual-training-backend-roadmap/week1/solution/excercise1/payment.go:153.2,158.4 1 1
individual-training-backend-roadmap/week1/solution/excercise1/payment.go:161.157,162.12 1 1
individual-training-backend-roadmap/week1/solution/excercise1/payment.go:162.12,163.90 1 1
individual-training-backend-roadmap/week1/solution/excercise1/payment.go:163.90,165.4 1 0
individual-training-backend-roadmap/week1/solution/excercise1/payment.go:168.2,169.87 2 1
individual-training-backend-roadmap/week1/solution/excercise1/payment.go:169.87,171.3 1 0
individual-training-backend-roadmap/week1/solution/excercise1/payment.go:173.2,173.72 1 1
individual-training-backend-roadmap/week1/solution/excercise1/payment.go:173.72,175.3 1 0
individual-training-backend-roadmap/week1/solution/excercise1/payment.go:177.2,177.107 1 1
individual-training-backend-roadmap/week1/solution/excercise1/payment.go:177.107,179.3 1 0
individual-training-backend-roadmap/week1/solution/excercise1/strategy.go:28.114,30.16 2 1
individual-training-backend-roadmap/week1/solution/excercise1/strategy.go:30.16,32.3 1 1
individual-training-backend-roadmap/week1/solution/excercise1/strategy.go:34.2,42.49 2 1
individual-training-backend-roadmap/week1/solution/excercise1/strategy.go:42.49,44.3 1 0
individual-training-backend-roadmap/week1/solution/excercise1/strategy.go:46.2,46.19 1 1
individual-training-backend-roadmap/week1/solution/excercise1/strategy.go:55.110,57.16 2 1
individual-training-backend-roadmap/week1/solution/excercise1/strategy.go:57.16,59.3 1 0
individual-training-backend-roadmap/week1/solution/excercise1/strategy.go:61.2,61.34 1 1
individual-training-backend-roadmap/week1/solution/excercise1/strategy.go:61.34,63.3 1 1
individual-training-backend-roadmap/week1/solution/excercise1/strategy.go:65.2,65.76 1 1
individual-training-backend-roadmap/week1/solution/excercise1/strategy.go:65.76,67.3 1 0
individual-training-backend-roadmap/week1/solution/excercise1/strategy.go:69.2,78.49 3 1
individual-training-backend-roadmap/week1/solution/excercise1/strategy.go:78.49,80.3 1 0
individual-training-backend-roadmap/week1/solution/excercise1/strategy.go:82.2,82.19 1 1
individual-training-backend-roadmap/week1/solution/excercise1/strategy.go:90.116,103.49 4 1
individual-training-backend-roadmap/week1/solution/excercise1/strategy.go:103.49,105.3 1 0
individual-training-backend-roadmap/week1/solution/excercise1/strategy.go:107.2,107.19 1 1
individual-training-backend-roadmap/week1/solution/excercise1/strategy.go:115.108,126.49 3 1
individual-training-backend-roadmap/week1/solution/excercise1/strategy.go:126.49,128.3 1 0
individual-training-backend-roadmap/week1/solution/excercise1/strategy.go:130.2,130.19 1 1
individual-training-backend-roadmap/week1/solution/excercise1/strategy.go:144.25,150.2 1 1
individual-training-backend-roadmap/week1/solution/excercise1/strategy.go:152.95,153.16 1 1
individual-training-backend-roadmap/week1/solution/excercise1/strategy.go:154.38,155.73 1 1
individual-training-backend-roadmap/week1/solution/excercise1/strategy.go:156.34,157.81 1 1
individual-training-backend-roadmap/week1/solution/excercise1/strategy.go:158.40,159.55 1 1
individual-training-backend-roadmap/week1/solution/excercise1/strategy.go:160.32,161.47 1 1
individual-training-backend-roadmap/week1/solution/excercise1/strategy.go:162.10,163.49 1 1
individual-training-backend-roadmap/week1/solution/excercise1/validator.go:28.46,30.2 1 1
individual-training-backend-roadmap/week1/solution/excercise1/validator.go:32.71,33.43 1 1
individual-training-backend-roadmap/week1/solution/excercise1/validator.go:33.43,35.3 1 1
individual-training-backend-roadmap/week1/solution/excercise1/validator.go:36.2,37.35 2 1
individual-training-backend-roadmap/week1/solution/excercise1/validator.go:37.35,39.3 1 1
individual-training-backend-roadmap/week1/solution/excercise1/validator.go:40.2,40.12 1 1
individual-training-backend-roadmap/week1/solution/excercise1/validator.go:43.78,44.17 1 1
individual-training-backend-roadmap/week1/solution/excercise1/validator.go:44.17,46.3 1 1
individual-training-backend-roadmap/week1/solution/excercise1/validator.go:47.2,47.86 1 1
individual-training-backend-roadmap/week1/solution/excercise1/validator.go:47.86,49.3 1 1
individual-training-backend-roadmap/week1/solution/excercise1/validator.go:50.2,50.46 1 1
individual-training-backend-roadmap/week1/solution/excercise1/validator.go:50.46,52.3 1 1
individual-training-backend-roadmap/week1/solution/excercise1/validator.go:53.2,54.21 2 1
individual-training-backend-roadmap/week1/solution/excercise1/validator.go:54.21,56.3 1 1
individual-training-backend-roadmap/week1/solution/excercise1/validator.go:57.2,57.12 1 1
individual-training-backend-roadmap/week1/solution/excercise1/validator.go:63.40,65.2 1 1
individual-training-backend-roadmap/week1/solution/excercise1/validator.go:67.71,69.9 2 1
individual-training-backend-roadmap/week1/solution/excercise1/validator.go:69.9,71.3 1 1
individual-training-backend-roadmap/week1/solution/excercise1/validator.go:72.2,72.30 1 1
individual-training-backend-roadmap/week1/solution/excercise1/domain/money.go:45.69,50.2 1 0
individual-training-backend-roadmap/week1/solution/excercise1/domain/money.go:52.42,54.2 1 0
individual-training-backend-roadmap/week1/solution/excercise1/domain/money.go:56.47,58.2 1 0
individual-training-backend-roadmap/week1/solution/excercise1/domain/money.go:60.49,62.2 1 0
individual-training-backend-roadmap/week1/solution/excercise1/domain/money.go:64.48,66.2 1 0
individual-training-backend-roadmap/week1/solution/excercise1/domain/money.go:68.46,70.2 1 0
individual-training-backend-roadmap/week1/solution/excercise1/domain/money.go:72.31,74.2 1 0
individual-training-backend-roadmap/week1/solution/excercise1/domain/money.go:76.35,78.2 1 0
individual-training-backend-roadmap/week1/solution/excercise1/domain/money.go:80.35,82.2 1 0
individual-training-backend-roadmap/week1/solution/excercise1/domain/money.go:84.48,86.2 1 0
individual-training-backend-roadmap/week1/solution/excercise1/domain/money.go:88.45,90.2 1 0
individual-training-backend-roadmap/week1/solution/excercise1/domain/money.go:92.52,94.2 1 0
